# JRE version: Java(TM) SE Runtime Environment (7.0_51-b13) (build 1.7.0_51-b13)
# Java VM: Java HotSpot(TM) 64-Bit Server VM (24.51-b03 mixed mode linux-amd64 compressed oops)
Heap
 PSYoungGen      total 140288K, used 6746K [0x00000000f5500000, 0x00000000fe300000, 0x0000000100000000)
  eden space 135168K, 1% used [0x00000000f5500000,0x00000000f5697890,0x00000000fd900000)
  from space 5120K, 99% used [0x00000000fde00000,0x00000000fe2ff100,0x00000000fe300000)
  to   space 5120K, 0% used [0x00000000fd900000,0x00000000fd900000,0x00000000fde00000)
 ParOldGen       total 87552K, used 17218K [0x00000000e0000000, 0x00000000e5580000, 0x00000000f5500000)
  object space 87552K, 19% used [0x00000000e0000000,0x00000000e10d0b88,0x00000000e5580000)
 PSPermGen       total 21504K, used 18009K [0x00000000d8000000, 0x00000000d9500000, 0x00000000e0000000)
  object space 21504K, 83% used [0x00000000d8000000,0x00000000d9196788,0x00000000d9500000)
GC Heap History (8 events):
Event: 0.958 GC heap before
{Heap before GC invocations=1 (full 0):
 PSYoungGen      total 38912K, used 33792K [0x00000000f5500000, 0x00000000f8000000, 0x0000000100000000)
  eden space 33792K, 100% used [0x00000000f5500000,0x00000000f7600000,0x00000000f7600000)
  from space 5120K, 0% used [0x00000000f7b00000,0x00000000f7b00000,0x00000000f8000000)
  to   space 5120K, 0% used [0x00000000f7600000,0x00000000f7600000,0x00000000f7b00000)
 ParOldGen       total 87552K, used 0K [0x00000000e0000000, 0x00000000e5580000, 0x00000000f5500000)
  object space 87552K, 0% used [0x00000000e0000000,0x00000000e0000000,0x00000000e5580000)
 PSPermGen       total 21504K, used 6592K [0x00000000d8000000, 0x00000000d9500000, 0x00000000e0000000)
  object space 21504K, 30% used [0x00000000d8000000,0x00000000d86701b0,0x00000000d9500000)
Event: 0.976 GC heap after
Heap after GC invocations=1 (full 0):
 PSYoungGen      total 38912K, used 5110K [0x00000000f5500000, 0x00000000fa100000, 0x0000000100000000)
  eden space 33792K, 0% used [0x00000000f5500000,0x00000000f5500000,0x00000000f7600000)
  from space 5120K, 99% used [0x00000000f7600000,0x00000000f7afdb38,0x00000000f7b00000)
  to   space 5120K, 0% used [0x00000000f9c00000,0x00000000f9c00000,0x00000000fa100000)
 ParOldGen       total 87552K, used 144K [0x00000000e0000000, 0x00000000e5580000, 0x00000000f5500000)
  object space 87552K, 0% used [0x00000000e0000000,0x00000000e00243a8,0x00000000e5580000)
 PSPermGen       total 21504K, used 6592K [0x00000000d8000000, 0x00000000d9500000, 0x00000000e0000000)
  object space 21504K, 30% used [0x00000000d8000000,0x00000000d86701b0,0x00000000d9500000)
}
Event: 2.268 GC heap before
{Heap before GC invocations=2 (full 0):
 PSYoungGen      total 38912K, used 38675K [0x00000000f5500000, 0x00000000fa100000, 0x0000000100000000)
  eden space 33792K, 99% used [0x00000000f5500000,0x00000000f75c7350,0x00000000f7600000)
  from space 5120K, 99% used [0x00000000f7600000,0x00000000f7afdb38,0x00000000f7b00000)
  to   space 5120K, 0% used [0x00000000f9c00000,0x00000000f9c00000,0x00000000fa100000)
 ParOldGen       total 87552K, used 144K [0x00000000e0000000, 0x00000000e5580000, 0x00000000f5500000)
  object space 87552K, 0% used [0x00000000e0000000,0x00000000e00243a8,0x00000000e5580000)
 PSPermGen       total 21504K, used 10977K [0x00000000d8000000, 0x00000000d9500000, 0x00000000e0000000)
  object space 21504K, 51% used [0x00000000d8000000,0x00000000d8ab8530,0x00000000d9500000)
Event: 2.299 GC heap after
Heap after GC invocations=2 (full 0):
 PSYoungGen      total 72704K, used 5113K [0x00000000f5500000, 0x00000000fa100000, 0x0000000100000000)
  eden space 67584K, 0% used [0x00000000f5500000,0x00000000f5500000,0x00000000f9700000)
  from space 5120K, 99% used [0x00000000f9c00000,0x00000000fa0fe7e0,0x00000000fa100000)
  to   space 5120K, 0% used [0x00000000f9700000,0x00000000f9700000,0x00000000f9c00000)
 ParOldGen       total 87552K, used 4298K [0x00000000e0000000, 0x00000000e5580000, 0x00000000f5500000)
  object space 87552K, 4% used [0x00000000e0000000,0x00000000e0432a00,0x00000000e5580000)
 PSPermGen       total 21504K, used 10977K [0x00000000d8000000, 0x00000000d9500000, 0x00000000e0000000)
  object space 21504K, 51% used [0x00000000d8000000,0x00000000d8ab8530,0x00000000d9500000)
}
Event: 3.229 GC heap before
{Heap before GC invocations=3 (full 0):
 PSYoungGen      total 72704K, used 72697K [0x00000000f5500000, 0x00000000fa100000, 0x0000000100000000)
  eden space 67584K, 100% used [0x00000000f5500000,0x00000000f9700000,0x00000000f9700000)
  from space 5120K, 99% used [0x00000000f9c00000,0x00000000fa0fe7e0,0x00000000fa100000)
  to   space 5120K, 0% used [0x00000000f9700000,0x00000000f9700000,0x00000000f9c00000)
 ParOldGen       total 87552K, used 4298K [0x00000000e0000000, 0x00000000e5580000, 0x00000000f5500000)
  object space 87552K, 4% used [0x00000000e0000000,0x00000000e0432a00,0x00000000e5580000)
 PSPermGen       total 21504K, used 13357K [0x00000000d8000000, 0x00000000d9500000, 0x00000000e0000000)
  object space 21504K, 62% used [0x00000000d8000000,0x00000000d8d0b6a8,0x00000000d9500000)
Event: 3.255 GC heap after
Heap after GC invocations=3 (full 0):
 PSYoungGen      total 72704K, used 5109K [0x00000000f5500000, 0x00000000fe300000, 0x0000000100000000)
  eden space 67584K, 0% used [0x00000000f5500000,0x00000000f5500000,0x00000000f9700000)
  from space 5120K, 99% used [0x00000000f9700000,0x00000000f9bfd710,0x00000000f9c00000)
  to   space 5120K, 0% used [0x00000000fde00000,0x00000000fde00000,0x00000000fe300000)
 ParOldGen       total 87552K, used 12665K [0x00000000e0000000, 0x00000000e5580000, 0x00000000f5500000)
  object space 87552K, 14% used [0x00000000e0000000,0x00000000e0c5e768,0x00000000e5580000)
 PSPermGen       total 21504K, used 13357K [0x00000000d8000000, 0x00000000d9500000, 0x00000000e0000000)
  object space 21504K, 62% used [0x00000000d8000000,0x00000000d8d0b6a8,0x00000000d9500000)
}
Event: 4.206 GC heap before
{Heap before GC invocations=4 (full 0):
 PSYoungGen      total 72704K, used 72693K [0x00000000f5500000, 0x00000000fe300000, 0x0000000100000000)
  eden space 67584K, 100% used [0x00000000f5500000,0x00000000f9700000,0x00000000f9700000)
  from space 5120K, 99% used [0x00000000f9700000,0x00000000f9bfd710,0x00000000f9c00000)
  to   space 5120K, 0% used [0x00000000fde00000,0x00000000fde00000,0x00000000fe300000)
 ParOldGen       total 87552K, used 12665K [0x00000000e0000000, 0x00000000e5580000, 0x00000000f5500000)
  object space 87552K, 14% used [0x00000000e0000000,0x00000000e0c5e768,0x00000000e5580000)
 PSPermGen       total 21504K, used 17766K [0x00000000d8000000, 0x00000000d9500000, 0x00000000e0000000)
  object space 21504K, 82% used [0x00000000d8000000,0x00000000d9159840,0x00000000d9500000)
Event: 4.228 GC heap after
Heap after GC invocations=4 (full 0):
 PSYoungGen      total 140288K, used 5116K [0x00000000f5500000, 0x00000000fe300000, 0x0000000100000000)
  eden space 135168K, 0% used [0x00000000f5500000,0x00000000f5500000,0x00000000fd900000)
  from space 5120K, 99% used [0x00000000fde00000,0x00000000fe2ff100,0x00000000fe300000)
  to   space 5120K, 0% used [0x00000000fd900000,0x00000000fd900000,0x00000000fde00000)
 ParOldGen       total 87552K, used 17218K [0x00000000e0000000, 0x00000000e5580000, 0x00000000f5500000)
  object space 87552K, 19% used [0x00000000e0000000,0x00000000e10d0b88,0x00000000e5580000)
 PSPermGen       total 21504K, used 17766K [0x00000000d8000000, 0x00000000d9500000, 0x00000000e0000000)
  object space 21504K, 82% used [0x00000000d8000000,0x00000000d9159840,0x00000000d9500000)
}

